[
  {
    "level": "INFO",
    "message": "android.ndkVersion from module build.gradle is not set"
  },
  {
    "level": "INFO",
    "message": "ndk.dir in local.properties is D:\\Sdk\\ndk\\21.4.7075529"
  },
  {
    "level": "INFO",
    "message": "ANDROID_NDK_HOME environment variable is not set"
  },
  {
    "level": "INFO",
    "message": "sdkFolder is D:\\Sdk"
  },
  {
    "level": "INFO",
    "message": "Considering D:\\Sdk\\ndk\\21.4.7075529 by ndk.dir"
  },
  {
    "level": "INFO",
    "message": "Considering D:\\Sdk\\ndk-bundle in SDK ndk-bundle folder"
  },
  {
    "level": "INFO",
    "message": "Considering D:\\Sdk\\ndk\\20.1.5948944 in SDK ndk folder"
  },
  {
    "level": "INFO",
    "message": "Considering D:\\Sdk\\ndk\\21.4.7075529 in SDK ndk folder"
  },
  {
    "level": "INFO",
    "message": "Considering D:\\Sdk\\ndk\\23.1.7779620 in SDK ndk folder"
  },
  {
    "level": "INFO",
    "message": "Considering D:\\Sdk\\ndk\\25.1.8937393 in SDK ndk folder"
  },
  {
    "level": "INFO",
    "message": "Found requested ndk.dir (D:\\Sdk\\ndk\\21.4.7075529) which has version 21.4.7075529"
  }
]